 +-----------------------------------------------------------------+
 +                         Program ALM                             +
 +                             Ver.  1.3.0                         +
 +-----------------------------------------------------------------+

 Number of OpenMP threads = 6

 Job started at Tue Jun  7 15:37:06 2022


 Input variables:
 -------------------------------------------------------------------
 General:
  PREFIX = cubic661_9nn
  MODE = optimize
  NAT = 108; NKD = 2
  PRINTSYM = 0; TOLERANCE = 0.001
  KD =   Mo  Se
  FCSYM_BASIS = Lattice
  PERIODIC =   1  1  0
  MAGMOM = 
  FCS_ALAMODE = 1;  NMAXSAVE = 5
  FC3_SHENGBTE = 0
  FC2_QEFC = 0
  HESSIAN = 0
  FC_ZERO_THR = 0

 Interaction:
  NORDER = 2
  NBODY =   2  3

 Optimize:
  LMODEL = least-squares
  DFSET = DFSET_random
  NDATA = 200; NSTART = 1; NEND = 200   SKIP = 

  ICONST = 11
  ROTAXIS = 
  FC2XML = harmonic661.xml
  FC3XML = 

  SPARSE = 0
  SPARSESOLVER = SimplicialLDLT
  CONV_TOL = 1e-08
  MAXITER = 10000
  MIRROR_IMAGE_CONV = 0

 -------------------------------------------------------------------

 SYSTEM
 ======

  Lattice Vector
    3.707730e+01   0.000000e+00   0.000000e+00 : a1
   -1.853865e+01   3.210989e+01   0.000000e+00 : a2
    0.000000e+00   0.000000e+00   3.466746e+01 : a3

  Cell volume = 4.127328e+04

  Reciprocal Lattice Vector
    1.694618e-01   9.783879e-02  -0.000000e+00 : b1
    0.000000e+00   1.956776e-01   0.000000e+00 : b2
    0.000000e+00  -0.000000e+00   1.812416e-01 : b3

  Atomic species:
     1   Mo
     2   Se

  Atomic positions in fractional basis and atomic species
     1   0.000000e+00   0.000000e+00   5.000000e-01    1
     2   0.000000e+00   1.666667e-01   5.000000e-01    1
     3   0.000000e+00   3.333333e-01   5.000000e-01    1
     4   0.000000e+00   5.000000e-01   5.000000e-01    1
     5   0.000000e+00   6.666667e-01   5.000000e-01    1
     6   0.000000e+00   8.333333e-01   5.000000e-01    1
     7   1.666667e-01   0.000000e+00   5.000000e-01    1
     8   1.666667e-01   1.666667e-01   5.000000e-01    1
     9   1.666667e-01   3.333333e-01   5.000000e-01    1
    10   1.666667e-01   5.000000e-01   5.000000e-01    1
    11   1.666667e-01   6.666667e-01   5.000000e-01    1
    12   1.666667e-01   8.333333e-01   5.000000e-01    1
    13   3.333333e-01   0.000000e+00   5.000000e-01    1
    14   3.333333e-01   1.666667e-01   5.000000e-01    1
    15   3.333333e-01   3.333333e-01   5.000000e-01    1
    16   3.333333e-01   5.000000e-01   5.000000e-01    1
    17   3.333333e-01   6.666667e-01   5.000000e-01    1
    18   3.333333e-01   8.333333e-01   5.000000e-01    1
    19   5.000000e-01   0.000000e+00   5.000000e-01    1
    20   5.000000e-01   1.666667e-01   5.000000e-01    1
    21   5.000000e-01   3.333333e-01   5.000000e-01    1
    22   5.000000e-01   5.000000e-01   5.000000e-01    1
    23   5.000000e-01   6.666667e-01   5.000000e-01    1
    24   5.000000e-01   8.333333e-01   5.000000e-01    1
    25   6.666667e-01   0.000000e+00   5.000000e-01    1
    26   6.666667e-01   1.666667e-01   5.000000e-01    1
    27   6.666667e-01   3.333333e-01   5.000000e-01    1
    28   6.666667e-01   5.000000e-01   5.000000e-01    1
    29   6.666667e-01   6.666667e-01   5.000000e-01    1
    30   6.666667e-01   8.333333e-01   5.000000e-01    1
    31   8.333333e-01   0.000000e+00   5.000000e-01    1
    32   8.333333e-01   1.666667e-01   5.000000e-01    1
    33   8.333333e-01   3.333333e-01   5.000000e-01    1
    34   8.333333e-01   5.000000e-01   5.000000e-01    1
    35   8.333333e-01   6.666667e-01   5.000000e-01    1
    36   8.333333e-01   8.333333e-01   5.000000e-01    1
    37   5.555556e-02   1.111111e-01   5.907665e-01    2
    38   5.555556e-02   2.777778e-01   5.907665e-01    2
    39   5.555556e-02   4.444444e-01   5.907665e-01    2
    40   5.555556e-02   6.111111e-01   5.907665e-01    2
    41   5.555556e-02   7.777778e-01   5.907665e-01    2
    42   5.555556e-02   9.444444e-01   5.907665e-01    2
    43   2.222222e-01   1.111111e-01   5.907665e-01    2
    44   2.222222e-01   2.777778e-01   5.907665e-01    2
    45   2.222222e-01   4.444444e-01   5.907665e-01    2
    46   2.222222e-01   6.111111e-01   5.907665e-01    2
    47   2.222222e-01   7.777778e-01   5.907665e-01    2
    48   2.222222e-01   9.444444e-01   5.907665e-01    2
    49   3.888889e-01   1.111111e-01   5.907665e-01    2
    50   3.888889e-01   2.777778e-01   5.907665e-01    2
    51   3.888889e-01   4.444444e-01   5.907665e-01    2
    52   3.888889e-01   6.111111e-01   5.907665e-01    2
    53   3.888889e-01   7.777778e-01   5.907665e-01    2
    54   3.888889e-01   9.444444e-01   5.907665e-01    2
    55   5.555556e-01   1.111111e-01   5.907665e-01    2
    56   5.555556e-01   2.777778e-01   5.907665e-01    2
    57   5.555556e-01   4.444444e-01   5.907665e-01    2
    58   5.555556e-01   6.111111e-01   5.907665e-01    2
    59   5.555556e-01   7.777778e-01   5.907665e-01    2
    60   5.555556e-01   9.444444e-01   5.907665e-01    2
    61   7.222222e-01   1.111111e-01   5.907665e-01    2
    62   7.222222e-01   2.777778e-01   5.907665e-01    2
    63   7.222222e-01   4.444444e-01   5.907665e-01    2
    64   7.222222e-01   6.111111e-01   5.907665e-01    2
    65   7.222222e-01   7.777778e-01   5.907665e-01    2
    66   7.222222e-01   9.444444e-01   5.907665e-01    2
    67   8.888889e-01   1.111111e-01   5.907665e-01    2
    68   8.888889e-01   2.777778e-01   5.907665e-01    2
    69   8.888889e-01   4.444444e-01   5.907665e-01    2
    70   8.888889e-01   6.111111e-01   5.907665e-01    2
    71   8.888889e-01   7.777778e-01   5.907665e-01    2
    72   8.888889e-01   9.444444e-01   5.907665e-01    2
    73   5.555556e-02   1.111111e-01   4.092335e-01    2
    74   5.555556e-02   2.777778e-01   4.092335e-01    2
    75   5.555556e-02   4.444444e-01   4.092335e-01    2
    76   5.555556e-02   6.111111e-01   4.092335e-01    2
    77   5.555556e-02   7.777778e-01   4.092335e-01    2
    78   5.555556e-02   9.444444e-01   4.092335e-01    2
    79   2.222222e-01   1.111111e-01   4.092335e-01    2
    80   2.222222e-01   2.777778e-01   4.092335e-01    2
    81   2.222222e-01   4.444444e-01   4.092335e-01    2
    82   2.222222e-01   6.111111e-01   4.092335e-01    2
    83   2.222222e-01   7.777778e-01   4.092335e-01    2
    84   2.222222e-01   9.444444e-01   4.092335e-01    2
    85   3.888889e-01   1.111111e-01   4.092335e-01    2
    86   3.888889e-01   2.777778e-01   4.092335e-01    2
    87   3.888889e-01   4.444444e-01   4.092335e-01    2
    88   3.888889e-01   6.111111e-01   4.092335e-01    2
    89   3.888889e-01   7.777778e-01   4.092335e-01    2
    90   3.888889e-01   9.444444e-01   4.092335e-01    2
    91   5.555556e-01   1.111111e-01   4.092335e-01    2
    92   5.555556e-01   2.777778e-01   4.092335e-01    2
    93   5.555556e-01   4.444444e-01   4.092335e-01    2
    94   5.555556e-01   6.111111e-01   4.092335e-01    2
    95   5.555556e-01   7.777778e-01   4.092335e-01    2
    96   5.555556e-01   9.444444e-01   4.092335e-01    2
    97   7.222222e-01   1.111111e-01   4.092335e-01    2
    98   7.222222e-01   2.777778e-01   4.092335e-01    2
    99   7.222222e-01   4.444444e-01   4.092335e-01    2
   100   7.222222e-01   6.111111e-01   4.092335e-01    2
   101   7.222222e-01   7.777778e-01   4.092335e-01    2
   102   7.222222e-01   9.444444e-01   4.092335e-01    2
   103   8.888889e-01   1.111111e-01   4.092335e-01    2
   104   8.888889e-01   2.777778e-01   4.092335e-01    2
   105   8.888889e-01   4.444444e-01   4.092335e-01    2
   106   8.888889e-01   6.111111e-01   4.092335e-01    2
   107   8.888889e-01   7.777778e-01   4.092335e-01    2
   108   8.888889e-01   9.444444e-01   4.092335e-01    2


  Time Elapsed: 0.086134 sec.

 -------------------------------------------------------------------

 SYMMETRY
 ========

  Space group: P-6m2 (187)
  Number of symmetry operations = 432

  Given system is not a primitive cell.
  There are    36 translation operations.
  Primitive cell contains 3 atoms

  **Cell-Atom Correspondens Below**
  CELL |  ATOM
     1 |     1   37   73
     2 |     2   38   74
     3 |     3   39   75
     4 |     4   40   76
     5 |     5   41   77
     6 |     6   42   78
     7 |     7   43   79
     8 |     8   44   80
     9 |     9   45   81
    10 |    10   46   82
    11 |    11   47   83
    12 |    12   48   84
    13 |    13   49   85
    14 |    14   50   86
    15 |    15   51   87
    16 |    16   52   88
    17 |    17   53   89
    18 |    18   54   90
    19 |    19   55   91
    20 |    20   56   92
    21 |    21   57   93
    22 |    22   58   94
    23 |    23   59   95
    24 |    24   60   96
    25 |    25   61   97
    26 |    26   62   98
    27 |    27   63   99
    28 |    28   64  100
    29 |    29   65  101
    30 |    30   66  102
    31 |    31   67  103
    32 |    32   68  104
    33 |    33   69  105
    34 |    34   70  106
    35 |    35   71  107
    36 |    36   72  108

  Time Elapsed: 0.096352 sec.

 -------------------------------------------------------------------

 INTERACTION
 ===========

  +++ Cutoff Radii Matrix (NKD x NKD matrix) +++
   HARMONIC
     None     None
     None     None

    ANHARM3
  12.4288  12.4288
  12.4288  12.4288


  List of neighboring atoms below.
  Format [N th-nearest shell, distance (Number of atoms on the shell)]

    1 ( Mo):   1   4.75713 (  6) -  37( Se)  42( Se)  72( Se)  73( Se)
                                    78( Se) 108( Se)
               2   6.17955 (  6) -   2( Mo)   6( Mo)   7( Mo)   8( Mo)
                                    31( Mo)  36( Mo)
               3   7.79854 (  6) -  43( Se)  67( Se)  71( Se)  79( Se)
                                   103( Se) 107( Se)
               4   9.95008 ( 12) -  38( Se)  41( Se)  44( Se)  48( Se)
                                    65( Se)  66( Se)  74( Se)  77( Se)
                                    80( Se)  84( Se) 101( Se) 102( Se)
               5   10.7033 (  6) -   9( Mo)  12( Mo)  14( Mo)  30( Mo)
                                    32( Mo)  35( Mo)
               6   12.3591 (  6) -   3( Mo)   5( Mo)  13( Mo)  15( Mo)
                                    25( Mo)  29( Mo)
               7    13.243 ( 12) -  49( Se)  50( Se)  61( Se)  64( Se)
                                    68( Se)  70( Se)  85( Se)  86( Se)
                                    97( Se) 100( Se) 104( Se) 106( Se)
               8   14.6138 (  6) -  45( Se)  47( Se)  59( Se)  81( Se)
                                    83( Se)  95( Se)
               9   15.8667 ( 12) -  39( Se)  40( Se)  51( Se)  54( Se)
                                    58( Se)  60( Se)  75( Se)  76( Se)
                                    87( Se)  90( Se)  94( Se)  96( Se)
              10   16.3496 ( 12) -  10( Mo)  11( Mo)  16( Mo)  18( Mo)
                                    20( Mo)  21( Mo)  23( Mo)  24( Mo)
                                    26( Mo)  28( Mo)  33( Mo)  34( Mo)
              11   18.1142 (  6) -  56( Se)  62( Se)  63( Se)  92( Se)
                                    98( Se)  99( Se)
              12   18.5387 (  3) -   4( Mo)  19( Mo)  22( Mo)
              13   19.1393 (  6) -  55( Se)  57( Se)  69( Se)  91( Se)
                                    93( Se) 105( Se)
              14   20.1122 (  6) -  46( Se)  52( Se)  53( Se)  82( Se)
                                    88( Se)  89( Se)
              15   21.4066 (  2) -  17( Mo)  27( Mo)

   37 ( Se):   1   4.75713 (  3) -   1( Mo)   2( Mo)   8( Mo)
               2   6.17955 (  6) -  38( Se)  42( Se)  43( Se)  44( Se)
                                    67( Se)  72( Se)
               3   6.29329 (  1) -  73( Se)
               4   7.79854 (  3) -   7( Mo)   9( Mo)  31( Mo)
               5      8.82 (  6) -  74( Se)  78( Se)  79( Se)  80( Se)
                                   103( Se) 108( Se)
               6   9.95008 (  6) -   3( Mo)   6( Mo)  14( Mo)  15( Mo)
                                    32( Mo)  36( Mo)
               7   10.7033 (  6) -  45( Se)  48( Se)  50( Se)  66( Se)
                                    68( Se)  71( Se)
               8   12.3591 (  6) -  39( Se)  41( Se)  49( Se)  51( Se)
                                    61( Se)  65( Se)
               9   12.4164 (  6) -  81( Se)  84( Se)  86( Se) 102( Se)
                                   104( Se) 107( Se)
              10    13.243 (  6) -  10( Mo)  12( Mo)  13( Mo)  16( Mo)
                                    25( Mo)  30( Mo)
              11   13.8691 (  6) -  75( Se)  77( Se)  85( Se)  87( Se)
                                    97( Se) 101( Se)
              12   14.6138 (  3) -  21( Mo)  33( Mo)  35( Mo)
              13   15.8667 (  6) -   4( Mo)   5( Mo)  20( Mo)  22( Mo)
                                    26( Mo)  29( Mo)
              14   16.3496 ( 12) -  46( Se)  47( Se)  52( Se)  54( Se)
                                    56( Se)  57( Se)  59( Se)  60( Se)
                                    62( Se)  64( Se)  69( Se)  70( Se)
              15   17.5189 ( 12) -  82( Se)  83( Se)  88( Se)  90( Se)
                                    92( Se)  93( Se)  95( Se)  96( Se)
                                    98( Se) 100( Se) 105( Se) 106( Se)
              16   18.1142 (  3) -  17( Mo)  18( Mo)  24( Mo)
              17   18.5387 (  3) -  40( Se)  55( Se)  58( Se)
              18   19.1393 (  3) -  11( Mo)  19( Mo)  23( Mo)
              19   19.5777 (  3) -  76( Se)  91( Se)  94( Se)
              20   20.1122 (  3) -  27( Mo)  28( Mo)  34( Mo)
              21   21.4066 (  2) -  53( Se)  63( Se)
              22   22.3125 (  2) -  89( Se)  99( Se)

   73 ( Se):   1   4.75713 (  3) -   1( Mo)   2( Mo)   8( Mo)
               2   6.17955 (  6) -  74( Se)  78( Se)  79( Se)  80( Se)
                                   103( Se) 108( Se)
               3   6.29329 (  1) -  37( Se)
               4   7.79854 (  3) -   7( Mo)   9( Mo)  31( Mo)
               5      8.82 (  6) -  38( Se)  42( Se)  43( Se)  44( Se)
                                    67( Se)  72( Se)
               6   9.95008 (  6) -   3( Mo)   6( Mo)  14( Mo)  15( Mo)
                                    32( Mo)  36( Mo)
               7   10.7033 (  6) -  81( Se)  84( Se)  86( Se) 102( Se)
                                   104( Se) 107( Se)
               8   12.3591 (  6) -  75( Se)  77( Se)  85( Se)  87( Se)
                                    97( Se) 101( Se)
               9   12.4164 (  6) -  45( Se)  48( Se)  50( Se)  66( Se)
                                    68( Se)  71( Se)
              10    13.243 (  6) -  10( Mo)  12( Mo)  13( Mo)  16( Mo)
                                    25( Mo)  30( Mo)
              11   13.8691 (  6) -  39( Se)  41( Se)  49( Se)  51( Se)
                                    61( Se)  65( Se)
              12   14.6138 (  3) -  21( Mo)  33( Mo)  35( Mo)
              13   15.8667 (  6) -   4( Mo)   5( Mo)  20( Mo)  22( Mo)
                                    26( Mo)  29( Mo)
              14   16.3496 ( 12) -  82( Se)  83( Se)  88( Se)  90( Se)
                                    92( Se)  93( Se)  95( Se)  96( Se)
                                    98( Se) 100( Se) 105( Se) 106( Se)
              15   17.5189 ( 12) -  46( Se)  47( Se)  52( Se)  54( Se)
                                    56( Se)  57( Se)  59( Se)  60( Se)
                                    62( Se)  64( Se)  69( Se)  70( Se)
              16   18.1142 (  3) -  17( Mo)  18( Mo)  24( Mo)
              17   18.5387 (  3) -  76( Se)  91( Se)  94( Se)
              18   19.1393 (  3) -  11( Mo)  19( Mo)  23( Mo)
              19   19.5777 (  3) -  40( Se)  55( Se)  58( Se)
              20   20.1122 (  3) -  27( Mo)  28( Mo)  34( Mo)
              21   21.4066 (  2) -  89( Se)  99( Se)
              22   22.3125 (  2) -  53( Se)  63( Se)

  Time Elapsed: 0.110619 sec.

 -------------------------------------------------------------------

 FORCE CONSTANT
 ==============

  Symmetry is handled in crystallographic (fractional) coordinates.

  Number of  HARMONIC FCs : 399
  Number of   ANHARM3 FCs : 3942

  Time Elapsed: 0.196838 sec.

 -------------------------------------------------------------------

 CONSTRAINT
 ==========

  ICONST = 1: Constraints for translational invariance
              will be considered.

  FC2XML is given : Harmonic force constants will be 
                    fixed to the values given in harmonic661.xml

  Generating constraints from crystal symmetry
  in crystallographic (fractional) coordinates ...
   HARMONIC done.
    ANHARM3 done.
  Finished !

  Generating constraints for translational invariance ...
   HARMONIC ... done.
    ANHARM3 ... done.
  Finished !

  Number of constraints [T-inv, R-inv (self), R-inv (cross)]:
   HARMONIC      8    0    0
    ANHARM3    447    0    0

  There are constraints from crystal symmetry.
  The number of such constraints for each order:
   HARMONIC    251
    ANHARM3   2596

  Constraints of T-inv, R-inv (self), and those from crystal symmetry are merged.
  If there are redundant constraints, they are removed in this process.

  Number of inequivalent constraints (self, cross) : 
   HARMONIC    255    0
    ANHARM3   2748    0

  ICONST >= 10 : Constraints will be considered algebraically.

  Number of free HARMONIC FCs : 0
  Number of free  ANHARM3 FCs : 1194

  Time Elapsed: 5.2622 sec.

 -------------------------------------------------------------------

 OPTIMIZATION
 ============

  LMODEL = least-squares

  Training data file (DFSET) : DFSET_random

  NSTART = 1; NEND = 200
  200 entries will be used for training.

  Total Number of Parameters : 4341
  Total Number of Free Parameters : 1194

  Entering fitting routine: SVD with constraints considered algebraically.
  SVD has started ... finished !

  RANK of the matrix = 1194

  Residual sum of squares for the solution: 0.00758804
  Fitting error (%) : 0.234153

  Time Elapsed: 28.7048 sec.

 -------------------------------------------------------------------

 The following files are created:

 Force constants in a human-readable format : cubic661_9nn.fcs
 Input data for the phonon code ANPHON      : cubic661_9nn.xml

 Job finished at Tue Jun  7 15:37:35 2022

